{
  "C:\\dev\\bext-test\\src\\components\\common\\index.ts": {
    "path": "C:\\dev\\bext-test\\src\\components\\common\\index.ts",
    "statementMap": {
      "0": { "start": { "line": 1, "column": 0 }, "end": { "line": 1, "column": 9 } },
      "1": { "start": { "line": 1, "column": 9 }, "end": { "line": 1, "column": 26 } },
      "2": { "start": { "line": 2, "column": 0 }, "end": { "line": 2, "column": 9 } },
      "3": { "start": { "line": 2, "column": 9 }, "end": { "line": 2, "column": 25 } },
      "4": { "start": { "line": 3, "column": 0 }, "end": { "line": 3, "column": 9 } },
      "5": { "start": { "line": 3, "column": 9 }, "end": { "line": 3, "column": 28 } },
      "6": { "start": { "line": 4, "column": 0 }, "end": { "line": 4, "column": 9 } },
      "7": { "start": { "line": 4, "column": 9 }, "end": { "line": 4, "column": 26 } },
      "8": { "start": { "line": 5, "column": 0 }, "end": { "line": 5, "column": 9 } },
      "9": { "start": { "line": 5, "column": 9 }, "end": { "line": 5, "column": 25 } },
      "10": { "start": { "line": 6, "column": 0 }, "end": { "line": 6, "column": 9 } },
      "11": { "start": { "line": 6, "column": 9 }, "end": { "line": 6, "column": 25 } },
      "12": { "start": { "line": 7, "column": 0 }, "end": { "line": 7, "column": 9 } },
      "13": { "start": { "line": 7, "column": 9 }, "end": { "line": 7, "column": 34 } }
    },
    "fnMap": {
      "0": {
        "name": "(anonymous_1)",
        "decl": { "start": { "line": 1, "column": 9 }, "end": { "line": 1, "column": 16 } },
        "loc": { "start": { "line": 1, "column": 9 }, "end": { "line": 1, "column": 26 } }
      },
      "1": {
        "name": "(anonymous_2)",
        "decl": { "start": { "line": 2, "column": 9 }, "end": { "line": 2, "column": 16 } },
        "loc": { "start": { "line": 2, "column": 9 }, "end": { "line": 2, "column": 25 } }
      },
      "2": {
        "name": "(anonymous_3)",
        "decl": { "start": { "line": 3, "column": 9 }, "end": { "line": 3, "column": 16 } },
        "loc": { "start": { "line": 3, "column": 9 }, "end": { "line": 3, "column": 28 } }
      },
      "3": {
        "name": "(anonymous_4)",
        "decl": { "start": { "line": 4, "column": 9 }, "end": { "line": 4, "column": 16 } },
        "loc": { "start": { "line": 4, "column": 9 }, "end": { "line": 4, "column": 26 } }
      },
      "4": {
        "name": "(anonymous_5)",
        "decl": { "start": { "line": 5, "column": 9 }, "end": { "line": 5, "column": 16 } },
        "loc": { "start": { "line": 5, "column": 9 }, "end": { "line": 5, "column": 25 } }
      },
      "5": {
        "name": "(anonymous_6)",
        "decl": { "start": { "line": 6, "column": 9 }, "end": { "line": 6, "column": 16 } },
        "loc": { "start": { "line": 6, "column": 9 }, "end": { "line": 6, "column": 25 } }
      },
      "6": {
        "name": "(anonymous_7)",
        "decl": { "start": { "line": 7, "column": 9 }, "end": { "line": 7, "column": 16 } },
        "loc": { "start": { "line": 7, "column": 9 }, "end": { "line": 7, "column": 34 } }
      }
    },
    "branchMap": {},
    "s": {
      "0": 0,
      "1": 0,
      "2": 0,
      "3": 0,
      "4": 0,
      "5": 0,
      "6": 0,
      "7": 0,
      "8": 0,
      "9": 0,
      "10": 0,
      "11": 0,
      "12": 0,
      "13": 0
    },
    "f": { "0": 0, "1": 0, "2": 0, "3": 0, "4": 0, "5": 0, "6": 0 },
    "b": {}
  },
  "C:\\dev\\bext-test\\src\\components\\tasks\\index.ts": {
    "path": "C:\\dev\\bext-test\\src\\components\\tasks\\index.ts",
    "statementMap": {
      "0": { "start": { "line": 1, "column": 0 }, "end": { "line": 1, "column": 9 } },
      "1": { "start": { "line": 1, "column": 9 }, "end": { "line": 1, "column": 28 } }
    },
    "fnMap": {
      "0": {
        "name": "(anonymous_1)",
        "decl": { "start": { "line": 1, "column": 9 }, "end": { "line": 1, "column": 16 } },
        "loc": { "start": { "line": 1, "column": 9 }, "end": { "line": 1, "column": 28 } }
      }
    },
    "branchMap": {},
    "s": { "0": 0, "1": 0 },
    "f": { "0": 0 },
    "b": {}
  },
  "C:\\dev\\bext-test\\src\\router\\index.ts": {
    "path": "C:\\dev\\bext-test\\src\\router\\index.ts",
    "statementMap": {
      "0": { "start": { "line": 1, "column": 0 }, "end": { "line": 1, "column": 60 } },
      "1": { "start": { "line": 3, "column": 0 }, "end": { "line": 3, "column": 47 } },
      "2": { "start": { "line": 5, "column": 33 }, "end": { "line": 22, "column": 2 } },
      "3": { "start": { "line": 9, "column": 20 }, "end": { "line": 9, "column": 48 } },
      "4": { "start": { "line": 15, "column": 20 }, "end": { "line": 15, "column": 52 } },
      "5": { "start": { "line": 24, "column": 15 }, "end": { "line": 27, "column": 2 } },
      "6": { "start": { "line": 29, "column": 0 }, "end": { "line": 41, "column": 3 } },
      "7": { "start": { "line": 30, "column": 16 }, "end": { "line": 30, "column": 45 } },
      "8": { "start": { "line": 31, "column": 21 }, "end": { "line": 31, "column": 36 } },
      "9": { "start": { "line": 33, "column": 2 }, "end": { "line": 40, "column": 3 } },
      "10": { "start": { "line": 34, "column": 4 }, "end": { "line": 34, "column": 82 } },
      "11": { "start": { "line": 35, "column": 4 }, "end": { "line": 35, "column": 28 } },
      "12": { "start": { "line": 36, "column": 9 }, "end": { "line": 40, "column": 3 } },
      "13": { "start": { "line": 37, "column": 4 }, "end": { "line": 37, "column": 32 } },
      "14": { "start": { "line": 39, "column": 4 }, "end": { "line": 39, "column": 11 } },
      "15": { "start": { "line": 43, "column": 0 }, "end": { "line": 43, "column": 22 } }
    },
    "fnMap": {
      "0": {
        "name": "(anonymous_9)",
        "decl": { "start": { "line": 9, "column": 15 }, "end": { "line": 9, "column": 18 } },
        "loc": { "start": { "line": 9, "column": 20 }, "end": { "line": 9, "column": 48 } }
      },
      "1": {
        "name": "(anonymous_10)",
        "decl": { "start": { "line": 9, "column": 20 }, "end": { "line": 9, "column": 28 } },
        "loc": { "start": { "line": 9, "column": 20 }, "end": { "line": 9, "column": 48 } }
      },
      "2": {
        "name": "(anonymous_11)",
        "decl": { "start": { "line": 15, "column": 15 }, "end": { "line": 15, "column": 18 } },
        "loc": { "start": { "line": 15, "column": 20 }, "end": { "line": 15, "column": 52 } }
      },
      "3": {
        "name": "(anonymous_12)",
        "decl": { "start": { "line": 15, "column": 20 }, "end": { "line": 15, "column": 28 } },
        "loc": { "start": { "line": 15, "column": 20 }, "end": { "line": 15, "column": 52 } }
      },
      "4": {
        "name": "(anonymous_13)",
        "decl": { "start": { "line": 29, "column": 18 }, "end": { "line": 29, "column": 19 } },
        "loc": { "start": { "line": 29, "column": 38 }, "end": { "line": 41, "column": 1 } }
      }
    },
    "branchMap": {
      "0": {
        "loc": { "start": { "line": 33, "column": 2 }, "end": { "line": 40, "column": 3 } },
        "type": "if",
        "locations": [
          { "start": { "line": 33, "column": 2 }, "end": { "line": 40, "column": 3 } },
          { "start": { "line": 36, "column": 9 }, "end": { "line": 40, "column": 3 } }
        ]
      },
      "1": {
        "loc": { "start": { "line": 33, "column": 6 }, "end": { "line": 33, "column": 36 } },
        "type": "binary-expr",
        "locations": [
          { "start": { "line": 33, "column": 6 }, "end": { "line": 33, "column": 26 } },
          { "start": { "line": 33, "column": 30 }, "end": { "line": 33, "column": 36 } }
        ]
      },
      "2": {
        "loc": { "start": { "line": 36, "column": 9 }, "end": { "line": 40, "column": 3 } },
        "type": "if",
        "locations": [
          { "start": { "line": 36, "column": 9 }, "end": { "line": 40, "column": 3 } },
          { "start": { "line": 38, "column": 9 }, "end": { "line": 40, "column": 3 } }
        ]
      },
      "3": {
        "loc": { "start": { "line": 36, "column": 13 }, "end": { "line": 36, "column": 41 } },
        "type": "binary-expr",
        "locations": [
          { "start": { "line": 36, "column": 13 }, "end": { "line": 36, "column": 32 } },
          { "start": { "line": 36, "column": 36 }, "end": { "line": 36, "column": 41 } }
        ]
      }
    },
    "s": {
      "0": 1,
      "1": 1,
      "2": 1,
      "3": 0,
      "4": 0,
      "5": 1,
      "6": 1,
      "7": 0,
      "8": 0,
      "9": 0,
      "10": 0,
      "11": 0,
      "12": 0,
      "13": 0,
      "14": 0,
      "15": 1
    },
    "f": { "0": 0, "1": 0, "2": 0, "3": 0, "4": 0 },
    "b": { "0": [0, 0], "1": [0, 0], "2": [0, 0], "3": [0, 0] }
  },
  "C:\\dev\\bext-test\\src\\services\\api.ts": {
    "path": "C:\\dev\\bext-test\\src\\services\\api.ts",
    "statementMap": {
      "0": { "start": { "line": 1, "column": 0 }, "end": { "line": 1, "column": 26 } },
      "1": { "start": { "line": 4, "column": 12 }, "end": { "line": 9, "column": 2 } },
      "2": { "start": { "line": 12, "column": 0 }, "end": { "line": 18, "column": 3 } },
      "3": { "start": { "line": 13, "column": 16 }, "end": { "line": 13, "column": 45 } },
      "4": { "start": { "line": 14, "column": 2 }, "end": { "line": 16, "column": 3 } },
      "5": { "start": { "line": 15, "column": 4 }, "end": { "line": 15, "column": 53 } },
      "6": { "start": { "line": 17, "column": 2 }, "end": { "line": 17, "column": 16 } },
      "7": { "start": { "line": 21, "column": 0 }, "end": { "line": 32, "column": 2 } },
      "8": { "start": { "line": 22, "column": 14 }, "end": { "line": 22, "column": 22 } },
      "9": { "start": { "line": 25, "column": 4 }, "end": { "line": 29, "column": 5 } },
      "10": { "start": { "line": 26, "column": 6 }, "end": { "line": 26, "column": 39 } },
      "11": { "start": { "line": 27, "column": 6 }, "end": { "line": 27, "column": 38 } },
      "12": { "start": { "line": 28, "column": 6 }, "end": { "line": 28, "column": 42 } },
      "13": { "start": { "line": 30, "column": 4 }, "end": { "line": 30, "column": 33 } },
      "14": { "start": { "line": 34, "column": 13 }, "end": { "line": 53, "column": 2 } },
      "15": { "start": { "line": 36, "column": 21 }, "end": { "line": 36, "column": 78 } },
      "16": { "start": { "line": 37, "column": 4 }, "end": { "line": 37, "column": 25 } },
      "17": { "start": { "line": 41, "column": 4 }, "end": { "line": 41, "column": 37 } },
      "18": { "start": { "line": 42, "column": 4 }, "end": { "line": 42, "column": 36 } },
      "19": { "start": { "line": 46, "column": 20 }, "end": { "line": 46, "column": 48 } },
      "20": { "start": { "line": 47, "column": 4 }, "end": { "line": 47, "column": 48 } },
      "21": { "start": { "line": 51, "column": 4 }, "end": { "line": 51, "column": 41 } },
      "22": { "start": { "line": 55, "column": 13 }, "end": { "line": 87, "column": 2 } },
      "23": { "start": { "line": 57, "column": 21 }, "end": { "line": 57, "column": 53 } },
      "24": { "start": { "line": 58, "column": 4 }, "end": { "line": 58, "column": 25 } },
      "25": { "start": { "line": 62, "column": 21 }, "end": { "line": 62, "column": 57 } },
      "26": { "start": { "line": 63, "column": 4 }, "end": { "line": 63, "column": 25 } },
      "27": { "start": { "line": 67, "column": 21 }, "end": { "line": 70, "column": 6 } },
      "28": { "start": { "line": 71, "column": 4 }, "end": { "line": 71, "column": 25 } },
      "29": { "start": { "line": 75, "column": 21 }, "end": { "line": 75, "column": 65 } },
      "30": { "start": { "line": 76, "column": 4 }, "end": { "line": 76, "column": 25 } },
      "31": { "start": { "line": 80, "column": 4 }, "end": { "line": 80, "column": 37 } },
      "32": { "start": { "line": 84, "column": 21 }, "end": { "line": 84, "column": 74 } },
      "33": { "start": { "line": 85, "column": 4 }, "end": { "line": 85, "column": 25 } }
    },
    "fnMap": {
      "0": {
        "name": "(anonymous_1)",
        "decl": { "start": { "line": 12, "column": 29 }, "end": { "line": 12, "column": 35 } },
        "loc": { "start": { "line": 12, "column": 38 }, "end": { "line": 18, "column": 1 } }
      },
      "1": {
        "name": "(anonymous_2)",
        "decl": { "start": { "line": 22, "column": 2 }, "end": { "line": 22, "column": 10 } },
        "loc": { "start": { "line": 22, "column": 14 }, "end": { "line": 22, "column": 22 } }
      },
      "2": {
        "name": "(anonymous_3)",
        "decl": { "start": { "line": 23, "column": 2 }, "end": { "line": 23, "column": 7 } },
        "loc": { "start": { "line": 23, "column": 10 }, "end": { "line": 31, "column": 3 } }
      },
      "3": {
        "name": "(anonymous_4)",
        "decl": { "start": { "line": 35, "column": 2 }, "end": { "line": 35, "column": 7 } },
        "loc": { "start": { "line": 35, "column": 44 }, "end": { "line": 38, "column": 3 } }
      },
      "4": {
        "name": "(anonymous_5)",
        "decl": { "start": { "line": 40, "column": 2 }, "end": { "line": 40, "column": 8 } },
        "loc": { "start": { "line": 40, "column": 8 }, "end": { "line": 43, "column": 3 } }
      },
      "5": {
        "name": "(anonymous_6)",
        "decl": { "start": { "line": 45, "column": 2 }, "end": { "line": 45, "column": 15 } },
        "loc": { "start": { "line": 45, "column": 15 }, "end": { "line": 48, "column": 3 } }
      },
      "6": {
        "name": "(anonymous_7)",
        "decl": { "start": { "line": 50, "column": 2 }, "end": { "line": 50, "column": 16 } },
        "loc": { "start": { "line": 50, "column": 16 }, "end": { "line": 52, "column": 3 } }
      },
      "7": {
        "name": "(anonymous_8)",
        "decl": { "start": { "line": 56, "column": 2 }, "end": { "line": 56, "column": 7 } },
        "loc": { "start": { "line": 56, "column": 16 }, "end": { "line": 59, "column": 3 } }
      },
      "8": {
        "name": "(anonymous_9)",
        "decl": { "start": { "line": 61, "column": 2 }, "end": { "line": 61, "column": 7 } },
        "loc": { "start": { "line": 61, "column": 30 }, "end": { "line": 64, "column": 3 } }
      },
      "9": {
        "name": "(anonymous_10)",
        "decl": { "start": { "line": 66, "column": 2 }, "end": { "line": 66, "column": 7 } },
        "loc": { "start": { "line": 66, "column": 38 }, "end": { "line": 72, "column": 3 } }
      },
      "10": {
        "name": "(anonymous_11)",
        "decl": { "start": { "line": 74, "column": 2 }, "end": { "line": 74, "column": 7 } },
        "loc": { "start": { "line": 74, "column": 59 }, "end": { "line": 77, "column": 3 } }
      },
      "11": {
        "name": "(anonymous_12)",
        "decl": { "start": { "line": 79, "column": 2 }, "end": { "line": 79, "column": 7 } },
        "loc": { "start": { "line": 79, "column": 29 }, "end": { "line": 81, "column": 3 } }
      },
      "12": {
        "name": "(anonymous_13)",
        "decl": { "start": { "line": 83, "column": 2 }, "end": { "line": 83, "column": 7 } },
        "loc": { "start": { "line": 83, "column": 57 }, "end": { "line": 86, "column": 3 } }
      }
    },
    "branchMap": {
      "0": {
        "loc": { "start": { "line": 14, "column": 2 }, "end": { "line": 16, "column": 3 } },
        "type": "if",
        "locations": [
          { "start": { "line": 14, "column": 2 }, "end": { "line": 16, "column": 3 } },
          { "start": {}, "end": {} }
        ]
      },
      "1": {
        "loc": { "start": { "line": 25, "column": 4 }, "end": { "line": 29, "column": 5 } },
        "type": "if",
        "locations": [
          { "start": { "line": 25, "column": 4 }, "end": { "line": 29, "column": 5 } },
          { "start": {}, "end": {} }
        ]
      },
      "2": {
        "loc": { "start": { "line": 25, "column": 8 }, "end": { "line": 25, "column": 85 } },
        "type": "binary-expr",
        "locations": [
          { "start": { "line": 25, "column": 8 }, "end": { "line": 25, "column": 38 } },
          { "start": { "line": 25, "column": 42 }, "end": { "line": 25, "column": 85 } }
        ]
      },
      "3": {
        "loc": { "start": { "line": 47, "column": 11 }, "end": { "line": 47, "column": 47 } },
        "type": "cond-expr",
        "locations": [
          { "start": { "line": 47, "column": 21 }, "end": { "line": 47, "column": 40 } },
          { "start": { "line": 47, "column": 43 }, "end": { "line": 47, "column": 47 } }
        ]
      }
    },
    "s": {
      "0": 6,
      "1": 6,
      "2": 6,
      "3": 0,
      "4": 0,
      "5": 0,
      "6": 0,
      "7": 6,
      "8": 0,
      "9": 0,
      "10": 0,
      "11": 0,
      "12": 0,
      "13": 0,
      "14": 6,
      "15": 0,
      "16": 0,
      "17": 0,
      "18": 0,
      "19": 0,
      "20": 0,
      "21": 0,
      "22": 6,
      "23": 0,
      "24": 0,
      "25": 0,
      "26": 0,
      "27": 0,
      "28": 0,
      "29": 0,
      "30": 0,
      "31": 0,
      "32": 0,
      "33": 0
    },
    "f": {
      "0": 0,
      "1": 0,
      "2": 0,
      "3": 0,
      "4": 0,
      "5": 0,
      "6": 0,
      "7": 0,
      "8": 0,
      "9": 0,
      "10": 0,
      "11": 0,
      "12": 0
    },
    "b": { "0": [0, 0], "1": [0, 0], "2": [0, 0], "3": [0, 0] }
  },
  "C:\\dev\\bext-test\\src\\stores\\index.ts": {
    "path": "C:\\dev\\bext-test\\src\\stores\\index.ts",
    "statementMap": {
      "0": { "start": { "line": 1, "column": 0 }, "end": { "line": 1, "column": 9 } },
      "1": { "start": { "line": 1, "column": 9 }, "end": { "line": 1, "column": 44 } },
      "2": { "start": { "line": 2, "column": 0 }, "end": { "line": 2, "column": 9 } },
      "3": { "start": { "line": 2, "column": 9 }, "end": { "line": 2, "column": 46 } },
      "4": { "start": { "line": 3, "column": 0 }, "end": { "line": 3, "column": 9 } },
      "5": { "start": { "line": 3, "column": 9 }, "end": { "line": 3, "column": 46 } }
    },
    "fnMap": {
      "0": {
        "name": "(anonymous_0)",
        "decl": { "start": { "line": 1, "column": 9 }, "end": { "line": 1, "column": 21 } },
        "loc": { "start": { "line": 1, "column": 9 }, "end": { "line": 1, "column": 44 } }
      },
      "1": {
        "name": "(anonymous_1)",
        "decl": { "start": { "line": 2, "column": 9 }, "end": { "line": 2, "column": 22 } },
        "loc": { "start": { "line": 2, "column": 9 }, "end": { "line": 2, "column": 46 } }
      },
      "2": {
        "name": "(anonymous_2)",
        "decl": { "start": { "line": 3, "column": 9 }, "end": { "line": 3, "column": 22 } },
        "loc": { "start": { "line": 3, "column": 9 }, "end": { "line": 3, "column": 46 } }
      }
    },
    "branchMap": {},
    "s": { "0": 1, "1": 1, "2": 1, "3": 1, "4": 1, "5": 1 },
    "f": { "0": 0, "1": 0, "2": 0 },
    "b": {}
  },
  "C:\\dev\\bext-test\\src\\stores\\auth\\actions.ts": {
    "path": "C:\\dev\\bext-test\\src\\stores\\auth\\actions.ts",
    "statementMap": {
      "0": { "start": { "line": 1, "column": 0 }, "end": { "line": 1, "column": 45 } },
      "1": { "start": { "line": 2, "column": 0 }, "end": { "line": 2, "column": 56 } },
      "2": { "start": { "line": 4, "column": 0 }, "end": { "line": 4, "column": 41 } },
      "3": { "start": { "line": 6, "column": 30 }, "end": { "line": 14, "column": 1 } },
      "4": { "start": { "line": 7, "column": 21 }, "end": { "line": 7, "column": 48 } },
      "5": { "start": { "line": 8, "column": 22 }, "end": { "line": 8, "column": 50 } },
      "6": { "start": { "line": 10, "column": 2 }, "end": { "line": 13, "column": 3 } },
      "7": { "start": { "line": 11, "column": 4 }, "end": { "line": 11, "column": 28 } },
      "8": { "start": { "line": 12, "column": 4 }, "end": { "line": 12, "column": 30 } },
      "9": { "start": { "line": 6, "column": 13 }, "end": { "line": 6, "column": 30 } },
      "10": { "start": { "line": 16, "column": 21 }, "end": { "line": 45, "column": 1 } },
      "11": { "start": { "line": 17, "column": 2 }, "end": { "line": 17, "column": 25 } },
      "12": { "start": { "line": 18, "column": 2 }, "end": { "line": 18, "column": 21 } },
      "13": { "start": { "line": 20, "column": 2 }, "end": { "line": 44, "column": 3 } },
      "14": { "start": { "line": 21, "column": 36 }, "end": { "line": 21, "column": 72 } },
      "15": { "start": { "line": 22, "column": 4 }, "end": { "line": 22, "column": 31 } },
      "16": { "start": { "line": 23, "column": 4 }, "end": { "line": 23, "column": 33 } },
      "17": { "start": { "line": 25, "column": 4 }, "end": { "line": 25, "column": 50 } },
      "18": { "start": { "line": 26, "column": 4 }, "end": { "line": 26, "column": 64 } },
      "19": { "start": { "line": 28, "column": 23 }, "end": { "line": 28, "column": 38 } },
      "20": { "start": { "line": 29, "column": 4 }, "end": { "line": 29, "column": 30 } },
      "21": { "start": { "line": 31, "column": 4 }, "end": { "line": 31, "column": 29 } },
      "22": { "start": { "line": 33, "column": 4 }, "end": { "line": 33, "column": 23 } },
      "23": { "start": { "line": 34, "column": 4 }, "end": { "line": 40, "column": 5 } },
      "24": { "start": { "line": 35, "column": 6 }, "end": { "line": 35, "column": 99 } },
      "25": { "start": { "line": 36, "column": 11 }, "end": { "line": 40, "column": 5 } },
      "26": { "start": { "line": 37, "column": 6 }, "end": { "line": 37, "column": 93 } },
      "27": { "start": { "line": 39, "column": 6 }, "end": { "line": 39, "column": 96 } },
      "28": { "start": { "line": 41, "column": 4 }, "end": { "line": 41, "column": 50 } },
      "29": { "start": { "line": 43, "column": 4 }, "end": { "line": 43, "column": 28 } },
      "30": { "start": { "line": 16, "column": 13 }, "end": { "line": 16, "column": 21 } },
      "31": { "start": { "line": 47, "column": 22 }, "end": { "line": 54, "column": 1 } },
      "32": { "start": { "line": 48, "column": 2 }, "end": { "line": 48, "column": 20 } },
      "33": { "start": { "line": 49, "column": 2 }, "end": { "line": 49, "column": 21 } },
      "34": { "start": { "line": 50, "column": 2 }, "end": { "line": 50, "column": 23 } },
      "35": { "start": { "line": 52, "column": 21 }, "end": { "line": 52, "column": 36 } },
      "36": { "start": { "line": 53, "column": 2 }, "end": { "line": 53, "column": 28 } },
      "37": { "start": { "line": 47, "column": 13 }, "end": { "line": 47, "column": 22 } },
      "38": { "start": { "line": 56, "column": 13 }, "end": { "line": 60, "column": 2 } }
    },
    "fnMap": {
      "0": {
        "name": "(anonymous_0)",
        "decl": { "start": { "line": 6, "column": 30 }, "end": { "line": 6, "column": 33 } },
        "loc": { "start": { "line": 6, "column": 35 }, "end": { "line": 14, "column": 1 } }
      },
      "1": {
        "name": "(anonymous_1)",
        "decl": { "start": { "line": 16, "column": 21 }, "end": { "line": 16, "column": 26 } },
        "loc": { "start": { "line": 16, "column": 62 }, "end": { "line": 45, "column": 1 } }
      },
      "2": {
        "name": "(anonymous_2)",
        "decl": { "start": { "line": 47, "column": 22 }, "end": { "line": 47, "column": 25 } },
        "loc": { "start": { "line": 47, "column": 27 }, "end": { "line": 54, "column": 1 } }
      }
    },
    "branchMap": {
      "0": {
        "loc": { "start": { "line": 10, "column": 2 }, "end": { "line": 13, "column": 3 } },
        "type": "if",
        "locations": [
          { "start": { "line": 10, "column": 2 }, "end": { "line": 13, "column": 3 } },
          { "start": {}, "end": {} }
        ]
      },
      "1": {
        "loc": { "start": { "line": 10, "column": 6 }, "end": { "line": 10, "column": 31 } },
        "type": "binary-expr",
        "locations": [
          { "start": { "line": 10, "column": 6 }, "end": { "line": 10, "column": 16 } },
          { "start": { "line": 10, "column": 20 }, "end": { "line": 10, "column": 31 } }
        ]
      },
      "2": {
        "loc": { "start": { "line": 34, "column": 4 }, "end": { "line": 40, "column": 5 } },
        "type": "if",
        "locations": [
          { "start": { "line": 34, "column": 4 }, "end": { "line": 40, "column": 5 } },
          { "start": { "line": 36, "column": 11 }, "end": { "line": 40, "column": 5 } }
        ]
      },
      "3": {
        "loc": { "start": { "line": 36, "column": 11 }, "end": { "line": 40, "column": 5 } },
        "type": "if",
        "locations": [
          { "start": { "line": 36, "column": 11 }, "end": { "line": 40, "column": 5 } },
          { "start": { "line": 38, "column": 11 }, "end": { "line": 40, "column": 5 } }
        ]
      },
      "4": {
        "loc": { "start": { "line": 39, "column": 20 }, "end": { "line": 39, "column": 95 } },
        "type": "binary-expr",
        "locations": [
          { "start": { "line": 39, "column": 20 }, "end": { "line": 39, "column": 45 } },
          { "start": { "line": 39, "column": 49 }, "end": { "line": 39, "column": 95 } }
        ]
      }
    },
    "s": {
      "0": 3,
      "1": 3,
      "2": 3,
      "3": 3,
      "4": 0,
      "5": 0,
      "6": 0,
      "7": 0,
      "8": 0,
      "9": 3,
      "10": 3,
      "11": 0,
      "12": 0,
      "13": 0,
      "14": 0,
      "15": 0,
      "16": 0,
      "17": 0,
      "18": 0,
      "19": 0,
      "20": 0,
      "21": 0,
      "22": 0,
      "23": 0,
      "24": 0,
      "25": 0,
      "26": 0,
      "27": 0,
      "28": 0,
      "29": 0,
      "30": 3,
      "31": 3,
      "32": 0,
      "33": 0,
      "34": 0,
      "35": 0,
      "36": 0,
      "37": 3,
      "38": 3
    },
    "f": { "0": 0, "1": 0, "2": 0 },
    "b": { "0": [0, 0], "1": [0, 0], "2": [0, 0], "3": [0, 0], "4": [0, 0] }
  },
  "C:\\dev\\bext-test\\src\\stores\\auth\\getters.ts": {
    "path": "C:\\dev\\bext-test\\src\\stores\\auth\\getters.ts",
    "statementMap": {
      "0": { "start": { "line": 1, "column": 0 }, "end": { "line": 1, "column": 31 } },
      "1": { "start": { "line": 2, "column": 0 }, "end": { "line": 2, "column": 38 } },
      "2": { "start": { "line": 4, "column": 13 }, "end": { "line": 4, "column": 77 } },
      "3": { "start": { "line": 4, "column": 46 }, "end": { "line": 4, "column": 75 } },
      "4": { "start": { "line": 6, "column": 13 }, "end": { "line": 8, "column": 2 } }
    },
    "fnMap": {
      "0": {
        "name": "(anonymous_0)",
        "decl": { "start": { "line": 4, "column": 40 }, "end": { "line": 4, "column": 43 } },
        "loc": { "start": { "line": 4, "column": 46 }, "end": { "line": 4, "column": 75 } }
      }
    },
    "branchMap": {
      "0": {
        "loc": { "start": { "line": 4, "column": 46 }, "end": { "line": 4, "column": 75 } },
        "type": "binary-expr",
        "locations": [
          { "start": { "line": 4, "column": 46 }, "end": { "line": 4, "column": 59 } },
          { "start": { "line": 4, "column": 63 }, "end": { "line": 4, "column": 75 } }
        ]
      }
    },
    "s": { "0": 3, "1": 3, "2": 3, "3": 0, "4": 3 },
    "f": { "0": 0 },
    "b": { "0": [0, 0] }
  },
  "C:\\dev\\bext-test\\src\\stores\\auth\\index.ts": {
    "path": "C:\\dev\\bext-test\\src\\stores\\auth\\index.ts",
    "statementMap": {
      "0": { "start": { "line": 1, "column": 0 }, "end": { "line": 1, "column": 36 } },
      "1": { "start": { "line": 2, "column": 0 }, "end": { "line": 2, "column": 32 } },
      "2": { "start": { "line": 3, "column": 0 }, "end": { "line": 3, "column": 36 } },
      "3": { "start": { "line": 4, "column": 0 }, "end": { "line": 4, "column": 36 } },
      "4": { "start": { "line": 6, "column": 13 }, "end": { "line": 12, "column": 3 } },
      "5": { "start": { "line": 7, "column": 2 }, "end": { "line": 11, "column": 4 } }
    },
    "fnMap": {
      "0": {
        "name": "(anonymous_0)",
        "decl": { "start": { "line": 6, "column": 48 }, "end": { "line": 6, "column": 51 } },
        "loc": { "start": { "line": 6, "column": 53 }, "end": { "line": 12, "column": 1 } }
      }
    },
    "branchMap": {},
    "s": { "0": 2, "1": 2, "2": 2, "3": 2, "4": 2, "5": 0 },
    "f": { "0": 0 },
    "b": {}
  },
  "C:\\dev\\bext-test\\src\\stores\\auth\\state.ts": {
    "path": "C:\\dev\\bext-test\\src\\stores\\auth\\state.ts",
    "statementMap": {
      "0": { "start": { "line": 1, "column": 0 }, "end": { "line": 1, "column": 26 } },
      "1": { "start": { "line": 4, "column": 13 }, "end": { "line": 4, "column": 62 } },
      "2": { "start": { "line": 5, "column": 13 }, "end": { "line": 5, "column": 46 } },
      "3": { "start": { "line": 6, "column": 13 }, "end": { "line": 6, "column": 36 } },
      "4": { "start": { "line": 7, "column": 13 }, "end": { "line": 7, "column": 46 } },
      "5": { "start": { "line": 9, "column": 13 }, "end": { "line": 14, "column": 2 } }
    },
    "fnMap": {},
    "branchMap": {},
    "s": { "0": 5, "1": 5, "2": 5, "3": 5, "4": 5, "5": 5 },
    "f": {},
    "b": {}
  },
  "C:\\dev\\bext-test\\src\\stores\\tasks\\actions.ts": {
    "path": "C:\\dev\\bext-test\\src\\stores\\tasks\\actions.ts",
    "statementMap": {
      "0": { "start": { "line": 1, "column": 0 }, "end": { "line": 1, "column": 45 } },
      "1": { "start": { "line": 2, "column": 0 }, "end": { "line": 2, "column": 86 } },
      "2": { "start": { "line": 5, "column": 26 }, "end": { "line": 22, "column": 1 } },
      "3": { "start": { "line": 6, "column": 2 }, "end": { "line": 6, "column": 25 } },
      "4": { "start": { "line": 7, "column": 2 }, "end": { "line": 7, "column": 21 } },
      "5": { "start": { "line": 9, "column": 2 }, "end": { "line": 21, "column": 3 } },
      "6": { "start": { "line": 10, "column": 4 }, "end": { "line": 10, "column": 47 } },
      "7": { "start": { "line": 12, "column": 4 }, "end": { "line": 18, "column": 5 } },
      "8": { "start": { "line": 13, "column": 6 }, "end": { "line": 13, "column": 99 } },
      "9": { "start": { "line": 14, "column": 11 }, "end": { "line": 18, "column": 5 } },
      "10": { "start": { "line": 15, "column": 6 }, "end": { "line": 15, "column": 100 } },
      "11": { "start": { "line": 17, "column": 6 }, "end": { "line": 17, "column": 73 } },
      "12": { "start": { "line": 20, "column": 4 }, "end": { "line": 20, "column": 28 } },
      "13": { "start": { "line": 5, "column": 13 }, "end": { "line": 5, "column": 26 } },
      "14": { "start": { "line": 24, "column": 26 }, "end": { "line": 44, "column": 1 } },
      "15": { "start": { "line": 25, "column": 2 }, "end": { "line": 25, "column": 25 } },
      "16": { "start": { "line": 26, "column": 2 }, "end": { "line": 26, "column": 21 } },
      "17": { "start": { "line": 28, "column": 2 }, "end": { "line": 43, "column": 3 } },
      "18": { "start": { "line": 29, "column": 20 }, "end": { "line": 29, "column": 58 } },
      "19": { "start": { "line": 30, "column": 4 }, "end": { "line": 30, "column": 30 } },
      "20": { "start": { "line": 31, "column": 4 }, "end": { "line": 31, "column": 44 } },
      "21": { "start": { "line": 33, "column": 4 }, "end": { "line": 39, "column": 5 } },
      "22": { "start": { "line": 34, "column": 6 }, "end": { "line": 34, "column": 99 } },
      "23": { "start": { "line": 35, "column": 11 }, "end": { "line": 39, "column": 5 } },
      "24": { "start": { "line": 36, "column": 6 }, "end": { "line": 36, "column": 100 } },
      "25": { "start": { "line": 38, "column": 6 }, "end": { "line": 38, "column": 73 } },
      "26": { "start": { "line": 40, "column": 4 }, "end": { "line": 40, "column": 50 } },
      "27": { "start": { "line": 42, "column": 4 }, "end": { "line": 42, "column": 28 } },
      "28": { "start": { "line": 24, "column": 13 }, "end": { "line": 24, "column": 26 } },
      "29": { "start": { "line": 46, "column": 26 }, "end": { "line": 69, "column": 1 } },
      "30": { "start": { "line": 47, "column": 2 }, "end": { "line": 47, "column": 25 } },
      "31": { "start": { "line": 48, "column": 2 }, "end": { "line": 48, "column": 21 } },
      "32": { "start": { "line": 50, "column": 2 }, "end": { "line": 68, "column": 3 } },
      "33": { "start": { "line": 51, "column": 24 }, "end": { "line": 51, "column": 66 } },
      "34": { "start": { "line": 52, "column": 18 }, "end": { "line": 52, "column": 63 } },
      "35": { "start": { "line": 52, "column": 48 }, "end": { "line": 52, "column": 62 } },
      "36": { "start": { "line": 53, "column": 4 }, "end": { "line": 55, "column": 5 } },
      "37": { "start": { "line": 54, "column": 6 }, "end": { "line": 54, "column": 39 } },
      "38": { "start": { "line": 56, "column": 4 }, "end": { "line": 56, "column": 48 } },
      "39": { "start": { "line": 58, "column": 4 }, "end": { "line": 64, "column": 5 } },
      "40": { "start": { "line": 59, "column": 6 }, "end": { "line": 59, "column": 99 } },
      "41": { "start": { "line": 60, "column": 11 }, "end": { "line": 64, "column": 5 } },
      "42": { "start": { "line": 61, "column": 6 }, "end": { "line": 61, "column": 100 } },
      "43": { "start": { "line": 63, "column": 6 }, "end": { "line": 63, "column": 73 } },
      "44": { "start": { "line": 65, "column": 4 }, "end": { "line": 65, "column": 50 } },
      "45": { "start": { "line": 67, "column": 4 }, "end": { "line": 67, "column": 28 } },
      "46": { "start": { "line": 46, "column": 13 }, "end": { "line": 46, "column": 26 } },
      "47": { "start": { "line": 71, "column": 26 }, "end": { "line": 91, "column": 1 } },
      "48": { "start": { "line": 72, "column": 2 }, "end": { "line": 72, "column": 25 } },
      "49": { "start": { "line": 73, "column": 2 }, "end": { "line": 73, "column": 21 } },
      "50": { "start": { "line": 75, "column": 2 }, "end": { "line": 90, "column": 3 } },
      "51": { "start": { "line": 76, "column": 4 }, "end": { "line": 76, "column": 37 } },
      "52": { "start": { "line": 77, "column": 4 }, "end": { "line": 77, "column": 61 } },
      "53": { "start": { "line": 77, "column": 45 }, "end": { "line": 77, "column": 59 } },
      "54": { "start": { "line": 78, "column": 4 }, "end": { "line": 78, "column": 29 } },
      "55": { "start": { "line": 80, "column": 4 }, "end": { "line": 86, "column": 5 } },
      "56": { "start": { "line": 81, "column": 6 }, "end": { "line": 81, "column": 99 } },
      "57": { "start": { "line": 82, "column": 11 }, "end": { "line": 86, "column": 5 } },
      "58": { "start": { "line": 83, "column": 6 }, "end": { "line": 83, "column": 100 } },
      "59": { "start": { "line": 85, "column": 6 }, "end": { "line": 85, "column": 73 } },
      "60": { "start": { "line": 87, "column": 4 }, "end": { "line": 87, "column": 50 } },
      "61": { "start": { "line": 89, "column": 4 }, "end": { "line": 89, "column": 28 } },
      "62": { "start": { "line": 71, "column": 13 }, "end": { "line": 71, "column": 26 } },
      "63": { "start": { "line": 93, "column": 34 }, "end": { "line": 116, "column": 1 } },
      "64": { "start": { "line": 94, "column": 2 }, "end": { "line": 94, "column": 25 } },
      "65": { "start": { "line": 95, "column": 2 }, "end": { "line": 95, "column": 21 } },
      "66": { "start": { "line": 97, "column": 2 }, "end": { "line": 115, "column": 3 } },
      "67": { "start": { "line": 98, "column": 24 }, "end": { "line": 98, "column": 75 } },
      "68": { "start": { "line": 99, "column": 18 }, "end": { "line": 99, "column": 63 } },
      "69": { "start": { "line": 99, "column": 48 }, "end": { "line": 99, "column": 62 } },
      "70": { "start": { "line": 100, "column": 4 }, "end": { "line": 102, "column": 5 } },
      "71": { "start": { "line": 101, "column": 6 }, "end": { "line": 101, "column": 39 } },
      "72": { "start": { "line": 103, "column": 4 }, "end": { "line": 103, "column": 48 } },
      "73": { "start": { "line": 105, "column": 4 }, "end": { "line": 111, "column": 5 } },
      "74": { "start": { "line": 106, "column": 6 }, "end": { "line": 106, "column": 99 } },
      "75": { "start": { "line": 107, "column": 11 }, "end": { "line": 111, "column": 5 } },
      "76": { "start": { "line": 108, "column": 6 }, "end": { "line": 108, "column": 100 } },
      "77": { "start": { "line": 110, "column": 6 }, "end": { "line": 110, "column": 73 } },
      "78": { "start": { "line": 112, "column": 4 }, "end": { "line": 112, "column": 50 } },
      "79": { "start": { "line": 114, "column": 4 }, "end": { "line": 114, "column": 28 } },
      "80": { "start": { "line": 93, "column": 13 }, "end": { "line": 93, "column": 34 } },
      "81": { "start": { "line": 118, "column": 33 }, "end": { "line": 120, "column": 1 } },
      "82": { "start": { "line": 119, "column": 2 }, "end": { "line": 119, "column": 36 } },
      "83": { "start": { "line": 118, "column": 13 }, "end": { "line": 118, "column": 33 } },
      "84": { "start": { "line": 122, "column": 33 }, "end": { "line": 124, "column": 1 } },
      "85": { "start": { "line": 123, "column": 2 }, "end": { "line": 123, "column": 36 } },
      "86": { "start": { "line": 122, "column": 13 }, "end": { "line": 122, "column": 33 } },
      "87": { "start": { "line": 126, "column": 28 }, "end": { "line": 129, "column": 1 } },
      "88": { "start": { "line": 127, "column": 2 }, "end": { "line": 127, "column": 33 } },
      "89": { "start": { "line": 128, "column": 2 }, "end": { "line": 128, "column": 33 } },
      "90": { "start": { "line": 126, "column": 13 }, "end": { "line": 126, "column": 28 } },
      "91": { "start": { "line": 131, "column": 13 }, "end": { "line": 140, "column": 2 } }
    },
    "fnMap": {
      "0": {
        "name": "(anonymous_0)",
        "decl": { "start": { "line": 5, "column": 26 }, "end": { "line": 5, "column": 31 } },
        "loc": { "start": { "line": 5, "column": 37 }, "end": { "line": 22, "column": 1 } }
      },
      "1": {
        "name": "(anonymous_1)",
        "decl": { "start": { "line": 24, "column": 26 }, "end": { "line": 24, "column": 31 } },
        "loc": { "start": { "line": 24, "column": 60 }, "end": { "line": 44, "column": 1 } }
      },
      "2": {
        "name": "(anonymous_2)",
        "decl": { "start": { "line": 46, "column": 26 }, "end": { "line": 46, "column": 31 } },
        "loc": { "start": { "line": 46, "column": 81 }, "end": { "line": 69, "column": 1 } }
      },
      "3": {
        "name": "(anonymous_3)",
        "decl": { "start": { "line": 52, "column": 40 }, "end": { "line": 52, "column": 44 } },
        "loc": { "start": { "line": 52, "column": 48 }, "end": { "line": 52, "column": 62 } }
      },
      "4": {
        "name": "(anonymous_4)",
        "decl": { "start": { "line": 71, "column": 26 }, "end": { "line": 71, "column": 31 } },
        "loc": { "start": { "line": 71, "column": 47 }, "end": { "line": 91, "column": 1 } }
      },
      "5": {
        "name": "(anonymous_5)",
        "decl": { "start": { "line": 77, "column": 37 }, "end": { "line": 77, "column": 41 } },
        "loc": { "start": { "line": 77, "column": 45 }, "end": { "line": 77, "column": 59 } }
      },
      "6": {
        "name": "(anonymous_6)",
        "decl": { "start": { "line": 93, "column": 34 }, "end": { "line": 93, "column": 39 } },
        "loc": { "start": { "line": 93, "column": 75 }, "end": { "line": 116, "column": 1 } }
      },
      "7": {
        "name": "(anonymous_7)",
        "decl": { "start": { "line": 99, "column": 40 }, "end": { "line": 99, "column": 44 } },
        "loc": { "start": { "line": 99, "column": 48 }, "end": { "line": 99, "column": 62 } }
      },
      "8": {
        "name": "(anonymous_8)",
        "decl": { "start": { "line": 118, "column": 33 }, "end": { "line": 118, "column": 34 } },
        "loc": { "start": { "line": 118, "column": 54 }, "end": { "line": 120, "column": 1 } }
      },
      "9": {
        "name": "(anonymous_9)",
        "decl": { "start": { "line": 122, "column": 33 }, "end": { "line": 122, "column": 34 } },
        "loc": { "start": { "line": 122, "column": 54 }, "end": { "line": 124, "column": 1 } }
      },
      "10": {
        "name": "(anonymous_10)",
        "decl": { "start": { "line": 126, "column": 28 }, "end": { "line": 126, "column": 31 } },
        "loc": { "start": { "line": 126, "column": 33 }, "end": { "line": 129, "column": 1 } }
      }
    },
    "branchMap": {
      "0": {
        "loc": { "start": { "line": 12, "column": 4 }, "end": { "line": 18, "column": 5 } },
        "type": "if",
        "locations": [
          { "start": { "line": 12, "column": 4 }, "end": { "line": 18, "column": 5 } },
          { "start": { "line": 14, "column": 11 }, "end": { "line": 18, "column": 5 } }
        ]
      },
      "1": {
        "loc": { "start": { "line": 14, "column": 11 }, "end": { "line": 18, "column": 5 } },
        "type": "if",
        "locations": [
          { "start": { "line": 14, "column": 11 }, "end": { "line": 18, "column": 5 } },
          { "start": { "line": 16, "column": 11 }, "end": { "line": 18, "column": 5 } }
        ]
      },
      "2": {
        "loc": { "start": { "line": 17, "column": 20 }, "end": { "line": 17, "column": 72 } },
        "type": "binary-expr",
        "locations": [
          { "start": { "line": 17, "column": 20 }, "end": { "line": 17, "column": 45 } },
          { "start": { "line": 17, "column": 49 }, "end": { "line": 17, "column": 72 } }
        ]
      },
      "3": {
        "loc": { "start": { "line": 33, "column": 4 }, "end": { "line": 39, "column": 5 } },
        "type": "if",
        "locations": [
          { "start": { "line": 33, "column": 4 }, "end": { "line": 39, "column": 5 } },
          { "start": { "line": 35, "column": 11 }, "end": { "line": 39, "column": 5 } }
        ]
      },
      "4": {
        "loc": { "start": { "line": 35, "column": 11 }, "end": { "line": 39, "column": 5 } },
        "type": "if",
        "locations": [
          { "start": { "line": 35, "column": 11 }, "end": { "line": 39, "column": 5 } },
          { "start": { "line": 37, "column": 11 }, "end": { "line": 39, "column": 5 } }
        ]
      },
      "5": {
        "loc": { "start": { "line": 38, "column": 20 }, "end": { "line": 38, "column": 72 } },
        "type": "binary-expr",
        "locations": [
          { "start": { "line": 38, "column": 20 }, "end": { "line": 38, "column": 45 } },
          { "start": { "line": 38, "column": 49 }, "end": { "line": 38, "column": 72 } }
        ]
      },
      "6": {
        "loc": { "start": { "line": 53, "column": 4 }, "end": { "line": 55, "column": 5 } },
        "type": "if",
        "locations": [
          { "start": { "line": 53, "column": 4 }, "end": { "line": 55, "column": 5 } },
          { "start": {}, "end": {} }
        ]
      },
      "7": {
        "loc": { "start": { "line": 58, "column": 4 }, "end": { "line": 64, "column": 5 } },
        "type": "if",
        "locations": [
          { "start": { "line": 58, "column": 4 }, "end": { "line": 64, "column": 5 } },
          { "start": { "line": 60, "column": 11 }, "end": { "line": 64, "column": 5 } }
        ]
      },
      "8": {
        "loc": { "start": { "line": 60, "column": 11 }, "end": { "line": 64, "column": 5 } },
        "type": "if",
        "locations": [
          { "start": { "line": 60, "column": 11 }, "end": { "line": 64, "column": 5 } },
          { "start": { "line": 62, "column": 11 }, "end": { "line": 64, "column": 5 } }
        ]
      },
      "9": {
        "loc": { "start": { "line": 63, "column": 20 }, "end": { "line": 63, "column": 72 } },
        "type": "binary-expr",
        "locations": [
          { "start": { "line": 63, "column": 20 }, "end": { "line": 63, "column": 45 } },
          { "start": { "line": 63, "column": 49 }, "end": { "line": 63, "column": 72 } }
        ]
      },
      "10": {
        "loc": { "start": { "line": 80, "column": 4 }, "end": { "line": 86, "column": 5 } },
        "type": "if",
        "locations": [
          { "start": { "line": 80, "column": 4 }, "end": { "line": 86, "column": 5 } },
          { "start": { "line": 82, "column": 11 }, "end": { "line": 86, "column": 5 } }
        ]
      },
      "11": {
        "loc": { "start": { "line": 82, "column": 11 }, "end": { "line": 86, "column": 5 } },
        "type": "if",
        "locations": [
          { "start": { "line": 82, "column": 11 }, "end": { "line": 86, "column": 5 } },
          { "start": { "line": 84, "column": 11 }, "end": { "line": 86, "column": 5 } }
        ]
      },
      "12": {
        "loc": { "start": { "line": 85, "column": 20 }, "end": { "line": 85, "column": 72 } },
        "type": "binary-expr",
        "locations": [
          { "start": { "line": 85, "column": 20 }, "end": { "line": 85, "column": 45 } },
          { "start": { "line": 85, "column": 49 }, "end": { "line": 85, "column": 72 } }
        ]
      },
      "13": {
        "loc": { "start": { "line": 100, "column": 4 }, "end": { "line": 102, "column": 5 } },
        "type": "if",
        "locations": [
          { "start": { "line": 100, "column": 4 }, "end": { "line": 102, "column": 5 } },
          { "start": {}, "end": {} }
        ]
      },
      "14": {
        "loc": { "start": { "line": 105, "column": 4 }, "end": { "line": 111, "column": 5 } },
        "type": "if",
        "locations": [
          { "start": { "line": 105, "column": 4 }, "end": { "line": 111, "column": 5 } },
          { "start": { "line": 107, "column": 11 }, "end": { "line": 111, "column": 5 } }
        ]
      },
      "15": {
        "loc": { "start": { "line": 107, "column": 11 }, "end": { "line": 111, "column": 5 } },
        "type": "if",
        "locations": [
          { "start": { "line": 107, "column": 11 }, "end": { "line": 111, "column": 5 } },
          { "start": { "line": 109, "column": 11 }, "end": { "line": 111, "column": 5 } }
        ]
      },
      "16": {
        "loc": { "start": { "line": 110, "column": 20 }, "end": { "line": 110, "column": 72 } },
        "type": "binary-expr",
        "locations": [
          { "start": { "line": 110, "column": 20 }, "end": { "line": 110, "column": 45 } },
          { "start": { "line": 110, "column": 49 }, "end": { "line": 110, "column": 72 } }
        ]
      }
    },
    "s": {
      "0": 5,
      "1": 5,
      "2": 5,
      "3": 0,
      "4": 0,
      "5": 0,
      "6": 0,
      "7": 0,
      "8": 0,
      "9": 0,
      "10": 0,
      "11": 0,
      "12": 0,
      "13": 5,
      "14": 5,
      "15": 0,
      "16": 0,
      "17": 0,
      "18": 0,
      "19": 0,
      "20": 0,
      "21": 0,
      "22": 0,
      "23": 0,
      "24": 0,
      "25": 0,
      "26": 0,
      "27": 0,
      "28": 5,
      "29": 5,
      "30": 0,
      "31": 0,
      "32": 0,
      "33": 0,
      "34": 0,
      "35": 0,
      "36": 0,
      "37": 0,
      "38": 0,
      "39": 0,
      "40": 0,
      "41": 0,
      "42": 0,
      "43": 0,
      "44": 0,
      "45": 0,
      "46": 5,
      "47": 5,
      "48": 0,
      "49": 0,
      "50": 0,
      "51": 0,
      "52": 0,
      "53": 0,
      "54": 0,
      "55": 0,
      "56": 0,
      "57": 0,
      "58": 0,
      "59": 0,
      "60": 0,
      "61": 0,
      "62": 5,
      "63": 5,
      "64": 0,
      "65": 0,
      "66": 0,
      "67": 0,
      "68": 0,
      "69": 0,
      "70": 0,
      "71": 0,
      "72": 0,
      "73": 0,
      "74": 0,
      "75": 0,
      "76": 0,
      "77": 0,
      "78": 0,
      "79": 0,
      "80": 5,
      "81": 5,
      "82": 0,
      "83": 5,
      "84": 5,
      "85": 0,
      "86": 5,
      "87": 5,
      "88": 0,
      "89": 0,
      "90": 5,
      "91": 5
    },
    "f": {
      "0": 0,
      "1": 0,
      "2": 0,
      "3": 0,
      "4": 0,
      "5": 0,
      "6": 0,
      "7": 0,
      "8": 0,
      "9": 0,
      "10": 0
    },
    "b": {
      "0": [0, 0],
      "1": [0, 0],
      "2": [0, 0],
      "3": [0, 0],
      "4": [0, 0],
      "5": [0, 0],
      "6": [0, 0],
      "7": [0, 0],
      "8": [0, 0],
      "9": [0, 0],
      "10": [0, 0],
      "11": [0, 0],
      "12": [0, 0],
      "13": [0, 0],
      "14": [0, 0],
      "15": [0, 0],
      "16": [0, 0]
    }
  },
  "C:\\dev\\bext-test\\src\\stores\\tasks\\getters.ts": {
    "path": "C:\\dev\\bext-test\\src\\stores\\tasks\\getters.ts",
    "statementMap": {
      "0": { "start": { "line": 1, "column": 0 }, "end": { "line": 1, "column": 31 } },
      "1": { "start": { "line": 2, "column": 0 }, "end": { "line": 2, "column": 68 } },
      "2": { "start": { "line": 5, "column": 13 }, "end": { "line": 17, "column": 3 } },
      "3": { "start": { "line": 6, "column": 17 }, "end": { "line": 6, "column": 33 } },
      "4": { "start": { "line": 8, "column": 2 }, "end": { "line": 10, "column": 3 } },
      "5": { "start": { "line": 9, "column": 4 }, "end": { "line": 9, "column": 81 } },
      "6": { "start": { "line": 9, "column": 39 }, "end": { "line": 9, "column": 79 } },
      "7": { "start": { "line": 12, "column": 2 }, "end": { "line": 14, "column": 3 } },
      "8": { "start": { "line": 13, "column": 4 }, "end": { "line": 13, "column": 81 } },
      "9": { "start": { "line": 13, "column": 39 }, "end": { "line": 13, "column": 79 } },
      "10": { "start": { "line": 16, "column": 2 }, "end": { "line": 16, "column": 18 } },
      "11": { "start": { "line": 19, "column": 13 }, "end": { "line": 28, "column": 3 } },
      "12": { "start": { "line": 20, "column": 46 }, "end": { "line": 20, "column": 48 } },
      "13": { "start": { "line": 22, "column": 2 }, "end": { "line": 25, "column": 5 } },
      "14": { "start": { "line": 23, "column": 4 }, "end": { "line": 23, "column": 37 } },
      "15": { "start": { "line": 24, "column": 4 }, "end": { "line": 24, "column": 42 } },
      "16": { "start": { "line": 27, "column": 2 }, "end": { "line": 27, "column": 20 } },
      "17": { "start": { "line": 30, "column": 13 }, "end": { "line": 33, "column": 3 } },
      "18": { "start": { "line": 31, "column": 27 }, "end": { "line": 31, "column": 74 } },
      "19": { "start": { "line": 31, "column": 59 }, "end": { "line": 31, "column": 72 } },
      "20": { "start": { "line": 32, "column": 2 }, "end": { "line": 32, "column": 38 } },
      "21": { "start": { "line": 35, "column": 13 }, "end": { "line": 39, "column": 2 } }
    },
    "fnMap": {
      "0": {
        "name": "(anonymous_0)",
        "decl": { "start": { "line": 5, "column": 38 }, "end": { "line": 5, "column": 41 } },
        "loc": { "start": { "line": 5, "column": 43 }, "end": { "line": 17, "column": 1 } }
      },
      "1": {
        "name": "(anonymous_1)",
        "decl": { "start": { "line": 9, "column": 31 }, "end": { "line": 9, "column": 35 } },
        "loc": { "start": { "line": 9, "column": 39 }, "end": { "line": 9, "column": 79 } }
      },
      "2": {
        "name": "(anonymous_2)",
        "decl": { "start": { "line": 13, "column": 31 }, "end": { "line": 13, "column": 35 } },
        "loc": { "start": { "line": 13, "column": 39 }, "end": { "line": 13, "column": 79 } }
      },
      "3": {
        "name": "(anonymous_3)",
        "decl": { "start": { "line": 19, "column": 40 }, "end": { "line": 19, "column": 43 } },
        "loc": { "start": { "line": 19, "column": 45 }, "end": { "line": 28, "column": 1 } }
      },
      "4": {
        "name": "(anonymous_4)",
        "decl": { "start": { "line": 22, "column": 22 }, "end": { "line": 22, "column": 26 } },
        "loc": { "start": { "line": 22, "column": 29 }, "end": { "line": 25, "column": 3 } }
      },
      "5": {
        "name": "(anonymous_5)",
        "decl": { "start": { "line": 30, "column": 35 }, "end": { "line": 30, "column": 38 } },
        "loc": { "start": { "line": 30, "column": 40 }, "end": { "line": 33, "column": 1 } }
      },
      "6": {
        "name": "(anonymous_6)",
        "decl": { "start": { "line": 31, "column": 51 }, "end": { "line": 31, "column": 55 } },
        "loc": { "start": { "line": 31, "column": 59 }, "end": { "line": 31, "column": 72 } }
      }
    },
    "branchMap": {
      "0": {
        "loc": { "start": { "line": 8, "column": 2 }, "end": { "line": 10, "column": 3 } },
        "type": "if",
        "locations": [
          { "start": { "line": 8, "column": 2 }, "end": { "line": 10, "column": 3 } },
          { "start": {}, "end": {} }
        ]
      },
      "1": {
        "loc": { "start": { "line": 12, "column": 2 }, "end": { "line": 14, "column": 3 } },
        "type": "if",
        "locations": [
          { "start": { "line": 12, "column": 2 }, "end": { "line": 14, "column": 3 } },
          { "start": {}, "end": {} }
        ]
      }
    },
    "s": {
      "0": 5,
      "1": 5,
      "2": 5,
      "3": 0,
      "4": 0,
      "5": 0,
      "6": 0,
      "7": 0,
      "8": 0,
      "9": 0,
      "10": 0,
      "11": 5,
      "12": 0,
      "13": 0,
      "14": 0,
      "15": 0,
      "16": 0,
      "17": 5,
      "18": 0,
      "19": 0,
      "20": 0,
      "21": 5
    },
    "f": { "0": 0, "1": 0, "2": 0, "3": 0, "4": 0, "5": 0, "6": 0 },
    "b": { "0": [0, 0], "1": [0, 0] }
  },
  "C:\\dev\\bext-test\\src\\stores\\tasks\\index.ts": {
    "path": "C:\\dev\\bext-test\\src\\stores\\tasks\\index.ts",
    "statementMap": {
      "0": { "start": { "line": 1, "column": 0 }, "end": { "line": 1, "column": 36 } },
      "1": { "start": { "line": 2, "column": 0 }, "end": { "line": 2, "column": 32 } },
      "2": { "start": { "line": 3, "column": 0 }, "end": { "line": 3, "column": 36 } },
      "3": { "start": { "line": 4, "column": 0 }, "end": { "line": 4, "column": 36 } },
      "4": { "start": { "line": 6, "column": 13 }, "end": { "line": 12, "column": 3 } },
      "5": { "start": { "line": 7, "column": 2 }, "end": { "line": 11, "column": 4 } }
    },
    "fnMap": {
      "0": {
        "name": "(anonymous_0)",
        "decl": { "start": { "line": 6, "column": 50 }, "end": { "line": 6, "column": 53 } },
        "loc": { "start": { "line": 6, "column": 55 }, "end": { "line": 12, "column": 1 } }
      }
    },
    "branchMap": {},
    "s": { "0": 4, "1": 4, "2": 4, "3": 4, "4": 4, "5": 0 },
    "f": { "0": 0 },
    "b": {}
  },
  "C:\\dev\\bext-test\\src\\stores\\tasks\\state.ts": {
    "path": "C:\\dev\\bext-test\\src\\stores\\tasks\\state.ts",
    "statementMap": {
      "0": { "start": { "line": 1, "column": 0 }, "end": { "line": 1, "column": 26 } },
      "1": { "start": { "line": 4, "column": 13 }, "end": { "line": 4, "column": 38 } },
      "2": { "start": { "line": 5, "column": 13 }, "end": { "line": 5, "column": 36 } },
      "3": { "start": { "line": 6, "column": 13 }, "end": { "line": 6, "column": 46 } },
      "4": { "start": { "line": 7, "column": 13 }, "end": { "line": 7, "column": 51 } },
      "5": { "start": { "line": 8, "column": 13 }, "end": { "line": 8, "column": 51 } },
      "6": { "start": { "line": 10, "column": 13 }, "end": { "line": 16, "column": 2 } }
    },
    "fnMap": {},
    "branchMap": {},
    "s": { "0": 7, "1": 7, "2": 7, "3": 7, "4": 7, "5": 7, "6": 7 },
    "f": {},
    "b": {}
  },
  "C:\\dev\\bext-test\\src\\stores\\toast\\actions.ts": {
    "path": "C:\\dev\\bext-test\\src\\stores\\toast\\actions.ts",
    "statementMap": {
      "0": { "start": { "line": 1, "column": 0 }, "end": { "line": 1, "column": 33 } },
      "1": { "start": { "line": 4, "column": 25 }, "end": { "line": 4, "column": 29 } },
      "2": { "start": { "line": 6, "column": 25 }, "end": { "line": 29, "column": 1 } },
      "3": { "start": { "line": 11, "column": 13 }, "end": { "line": 11, "column": 81 } },
      "4": { "start": { "line": 12, "column": 24 }, "end": { "line": 17, "column": 4 } },
      "5": { "start": { "line": 19, "column": 2 }, "end": { "line": 19, "column": 27 } },
      "6": { "start": { "line": 22, "column": 2 }, "end": { "line": 26, "column": 3 } },
      "7": { "start": { "line": 23, "column": 4 }, "end": { "line": 25, "column": 23 } },
      "8": { "start": { "line": 24, "column": 6 }, "end": { "line": 24, "column": 22 } },
      "9": { "start": { "line": 28, "column": 2 }, "end": { "line": 28, "column": 12 } },
      "10": { "start": { "line": 6, "column": 13 }, "end": { "line": 6, "column": 25 } },
      "11": { "start": { "line": 31, "column": 27 }, "end": { "line": 36, "column": 1 } },
      "12": { "start": { "line": 32, "column": 16 }, "end": { "line": 32, "column": 64 } },
      "13": { "start": { "line": 32, "column": 48 }, "end": { "line": 32, "column": 63 } },
      "14": { "start": { "line": 33, "column": 2 }, "end": { "line": 35, "column": 3 } },
      "15": { "start": { "line": 34, "column": 4 }, "end": { "line": 34, "column": 34 } },
      "16": { "start": { "line": 31, "column": 13 }, "end": { "line": 31, "column": 27 } },
      "17": { "start": { "line": 38, "column": 27 }, "end": { "line": 40, "column": 1 } },
      "18": { "start": { "line": 39, "column": 2 }, "end": { "line": 39, "column": 20 } },
      "19": { "start": { "line": 38, "column": 13 }, "end": { "line": 38, "column": 27 } }
    },
    "fnMap": {
      "0": {
        "name": "(anonymous_0)",
        "decl": { "start": { "line": 6, "column": 25 }, "end": { "line": 6, "column": null } },
        "loc": { "start": { "line": 10, "column": 4 }, "end": { "line": 29, "column": 1 } }
      },
      "1": {
        "name": "(anonymous_1)",
        "decl": { "start": { "line": 23, "column": 15 }, "end": { "line": 23, "column": 18 } },
        "loc": { "start": { "line": 23, "column": 20 }, "end": { "line": 25, "column": 5 } }
      },
      "2": {
        "name": "(anonymous_2)",
        "decl": { "start": { "line": 31, "column": 27 }, "end": { "line": 31, "column": 28 } },
        "loc": { "start": { "line": 31, "column": 42 }, "end": { "line": 36, "column": 1 } }
      },
      "3": {
        "name": "(anonymous_3)",
        "decl": { "start": { "line": 32, "column": 39 }, "end": { "line": 32, "column": 44 } },
        "loc": { "start": { "line": 32, "column": 48 }, "end": { "line": 32, "column": 63 } }
      },
      "4": {
        "name": "(anonymous_4)",
        "decl": { "start": { "line": 38, "column": 27 }, "end": { "line": 38, "column": 30 } },
        "loc": { "start": { "line": 38, "column": 32 }, "end": { "line": 40, "column": 1 } }
      }
    },
    "branchMap": {
      "0": {
        "loc": { "start": { "line": 8, "column": 2 }, "end": { "line": 8, "column": 37 } },
        "type": "default-arg",
        "locations": [{ "start": { "line": 8, "column": 31 }, "end": { "line": 8, "column": 37 } }]
      },
      "1": {
        "loc": { "start": { "line": 16, "column": 14 }, "end": { "line": 16, "column": 42 } },
        "type": "binary-expr",
        "locations": [
          { "start": { "line": 16, "column": 14 }, "end": { "line": 16, "column": 22 } },
          { "start": { "line": 16, "column": 26 }, "end": { "line": 16, "column": 42 } }
        ]
      },
      "2": {
        "loc": { "start": { "line": 22, "column": 2 }, "end": { "line": 26, "column": 3 } },
        "type": "if",
        "locations": [
          { "start": { "line": 22, "column": 2 }, "end": { "line": 26, "column": 3 } },
          { "start": {}, "end": {} }
        ]
      },
      "3": {
        "loc": { "start": { "line": 22, "column": 6 }, "end": { "line": 22, "column": 42 } },
        "type": "binary-expr",
        "locations": [
          { "start": { "line": 22, "column": 6 }, "end": { "line": 22, "column": 20 } },
          { "start": { "line": 22, "column": 24 }, "end": { "line": 22, "column": 42 } }
        ]
      },
      "4": {
        "loc": { "start": { "line": 33, "column": 2 }, "end": { "line": 35, "column": 3 } },
        "type": "if",
        "locations": [
          { "start": { "line": 33, "column": 2 }, "end": { "line": 35, "column": 3 } },
          { "start": {}, "end": {} }
        ]
      }
    },
    "s": {
      "0": 4,
      "1": 4,
      "2": 4,
      "3": 0,
      "4": 0,
      "5": 0,
      "6": 0,
      "7": 0,
      "8": 0,
      "9": 0,
      "10": 4,
      "11": 4,
      "12": 0,
      "13": 0,
      "14": 0,
      "15": 0,
      "16": 4,
      "17": 4,
      "18": 0,
      "19": 4
    },
    "f": { "0": 0, "1": 0, "2": 0, "3": 0, "4": 0 },
    "b": { "0": [0], "1": [0, 0], "2": [0, 0], "3": [0, 0], "4": [0, 0] }
  },
  "C:\\dev\\bext-test\\src\\stores\\toast\\index.ts": {
    "path": "C:\\dev\\bext-test\\src\\stores\\toast\\index.ts",
    "statementMap": {
      "0": { "start": { "line": 1, "column": 0 }, "end": { "line": 1, "column": 36 } },
      "1": { "start": { "line": 2, "column": 0 }, "end": { "line": 2, "column": 33 } },
      "2": { "start": { "line": 3, "column": 0 }, "end": { "line": 3, "column": 64 } },
      "3": { "start": { "line": 5, "column": 13 }, "end": { "line": 14, "column": 3 } },
      "4": { "start": { "line": 6, "column": 2 }, "end": { "line": 13, "column": 4 } }
    },
    "fnMap": {
      "0": {
        "name": "(anonymous_0)",
        "decl": { "start": { "line": 5, "column": 50 }, "end": { "line": 5, "column": 53 } },
        "loc": { "start": { "line": 5, "column": 55 }, "end": { "line": 14, "column": 1 } }
      }
    },
    "branchMap": {},
    "s": { "0": 3, "1": 3, "2": 3, "3": 3, "4": 0 },
    "f": { "0": 0 },
    "b": {}
  },
  "C:\\dev\\bext-test\\src\\stores\\toast\\state.ts": {
    "path": "C:\\dev\\bext-test\\src\\stores\\toast\\state.ts",
    "statementMap": {
      "0": { "start": { "line": 1, "column": 0 }, "end": { "line": 1, "column": 26 } },
      "1": { "start": { "line": 10, "column": 13 }, "end": { "line": 10, "column": 40 } }
    },
    "fnMap": {},
    "branchMap": {},
    "s": { "0": 5, "1": 5 },
    "f": {},
    "b": {}
  }
}
